[0mGET /login [36m304 [0m50.716 ms - -[0m
[0mGET /favicon.ico [33m404 [0m417.849 ms - 1265[0m
[0mGET /login [36m304 [0m12.964 ms - -[0m
[0mGET /resiter [36m304 [0m1.254 ms - -[0m
[0mGET /resiter [36m304 [0m1.211 ms - -[0m
[0mGET /login [36m304 [0m58.029 ms - -[0m
[0mGET /login [36m304 [0m8.525 ms - -[0m
[0mGET /page/index.html [33m404 [0m500.758 ms - 1265[0m
[0mGET /stylesheets/style.css [32m200 [0m3.442 ms - 111[0m
[0mGET /favicon.ico [33m404 [0m32.687 ms - 1265[0m
[0mGET /page/index.html [33m404 [0m327.925 ms - 1265[0m
[0mGET /stylesheets/style.css [36m304 [0m4.712 ms - -[0m
[0mGET /page/index.html [33m404 [0m38.807 ms - 1265[0m
[0mGET /stylesheets/style.css [36m304 [0m1.016 ms - -[0m
[0mGET /page/index.html [33m404 [0m82.875 ms - 1265[0m
[0mGET /stylesheets/style.css [36m304 [0m2.016 ms - -[0m
[0mGET /page/index.html [33m404 [0m22.899 ms - 1265[0m
[0mGET /stylesheets/style.css [36m304 [0m0.342 ms - -[0m
[0mGET /page/index.html [33m404 [0m17.909 ms - 1265[0m
[0mGET /stylesheets/style.css [36m304 [0m0.645 ms - -[0m
[0mGET /page/index.html [33m404 [0m8.286 ms - 1265[0m
[0mGET /stylesheets/style.css [36m304 [0m2.700 ms - -[0m
[0mGET /page/index.html [33m404 [0m7.510 ms - 1265[0m
[0mGET /stylesheets/style.css [36m304 [0m0.529 ms - -[0m
[0mGET /page/index.html [33m404 [0m7.355 ms - 1265[0m
[0mGET /stylesheets/style.css [36m304 [0m0.637 ms - -[0m
[0mGET /page/index.html [33m404 [0m14.672 ms - 1265[0m
[0mGET /stylesheets/style.css [36m304 [0m0.587 ms - -[0m
[0mGET /page/index.html [33m404 [0m13.154 ms - 1265[0m
[0mGET /stylesheets/style.css [36m304 [0m0.388 ms - -[0m
[0mGET /public [33m404 [0m7.904 ms - 1265[0m
[0mGET /stylesheets/style.css [36m304 [0m0.984 ms - -[0m
[0mGET /public/data/user.json [33m404 [0m26.597 ms - 1265[0m
[0mGET /stylesheets/style.css [36m304 [0m0.966 ms - -[0m
[0mGET /users/mongodb [32m200 [0m69.308 ms - 57[0m
[0mGET /users/mongodb [36m304 [0m14.541 ms - -[0m
[0mGET /users/mongodb [36m304 [0m10.417 ms - -[0m
[0mGET /users/mongodb [36m304 [0m6.322 ms - -[0m
[0mGET /users/mongodb [36m304 [0m6.364 ms - -[0m
[0mGET /users/mongodb [36m304 [0m4.109 ms - -[0m
[0mGET /json/user.json [33m404 [0m56.093 ms - 1265[0m
[0mGET /stylesheets/style.css [36m304 [0m0.424 ms - -[0m
[0mGET /data/user.json [32m200 [0m3.379 ms - 635[0m
[0mGET /index.html [32m200 [0m1.054 ms - 274[0m
[0mGET /index.html [36m304 [0m0.496 ms - -[0m
[0mGET /index.html [36m304 [0m0.539 ms - -[0m
[0mGET /index.html [36m304 [0m1.166 ms - -[0m
[0mGET /index.html [36m304 [0m0.426 ms - -[0m
[0mGET /index.html [36m304 [0m0.524 ms - -[0m
[0mGET /index.html [36m304 [0m0.563 ms - -[0m
[0mGET /index.html [36m304 [0m0.537 ms - -[0m
[0mGET /index.html [36m304 [0m0.794 ms - -[0m
[0mGET /index.html [36m304 [0m0.383 ms - -[0m
[0mGET /index.html [36m304 [0m0.610 ms - -[0m
[0mGET /index.html [36m304 [0m0.405 ms - -[0m
[0mGET / [32m200 [0m1.683 ms - 274[0m
[0mGET / [36m304 [0m0.506 ms - -[0m
[0mGET / [36m304 [0m0.637 ms - -[0m
[0mGET / [36m304 [0m0.758 ms - -[0m
[0mGET / [36m304 [0m0.461 ms - -[0m
[0mGET /page [36m301 [0m12.067 ms - 167[0m
[0mGET /page/ [32m200 [0m8.961 ms - 274[0m
[0mGET /page/ [36m304 [0m2.270 ms - -[0m
[0mGET /page/ [36m304 [0m1.000 ms - -[0m
[0mGET /page/ [36m304 [0m0.406 ms - -[0m
[0mGET /page/ [36m304 [0m0.524 ms - -[0m
[0mGET /page/ [36m304 [0m1.984 ms - -[0m
[0mGET /page/ [36m304 [0m1.150 ms - -[0m
[0mGET /page/ [36m304 [0m9.354 ms - -[0m
[0mGET /favicon.ico [33m404 [0m474.535 ms - 1265[0m
[0mGET /page/ [32m200 [0m8.732 ms - 1179[0m
[0mGET /page/ [32m200 [0m3.244 ms - 1309[0m
[0mGET /page/ [32m200 [0m6.136 ms - 1355[0m
[0mGET /page/ [32m200 [0m2.333 ms - 1704[0m
[0mGET /page/ [32m200 [0m1.911 ms - 1783[0m
[0mGET /page/ [32m200 [0m1.559 ms - 1790[0m
[0mGET /page/ [32m200 [0m0.853 ms - 1821[0m
[0mGET /page/ [32m200 [0m1.903 ms - 1868[0m
[0mGET /page/ [36m304 [0m1.781 ms - -[0m
[0mGET /page/ [36m304 [0m1.293 ms - -[0m
[0mGET /page/ [36m304 [0m0.847 ms - -[0m
[0mGET /page/ [36m304 [0m0.633 ms - -[0m
[0mGET /page/ [32m200 [0m1.442 ms - 2105[0m
[0mGET /page/ [32m200 [0m0.898 ms - 2190[0m
[0mGET /page/ [32m200 [0m2.399 ms - 2190[0m
[0mGET /page/ [32m200 [0m1.244 ms - 2214[0m
[0mGET /page/ [32m200 [0m0.994 ms - 2311[0m
[0mGET /page/ [32m200 [0m0.919 ms - 2332[0m
[0mGET /page/ [32m200 [0m1.782 ms - 2362[0m
[0mGET /page/ [32m200 [0m2.324 ms - 2381[0m
[0mGET /page/ [32m200 [0m1.855 ms - 2382[0m
[0mGET /page/ [32m200 [0m2.303 ms - 2382[0m
[0mGET /page/ [32m200 [0m2.204 ms - 2434[0m
[0mGET /page/ [32m200 [0m1.450 ms - 2433[0m
[0mGET /page/ [32m200 [0m0.979 ms - 2432[0m
[0mGET /page/ [32m200 [0m1.724 ms - 2430[0m
[0mGET /page/ [32m200 [0m1.004 ms - 2458[0m
[0mGET /page/ [32m200 [0m0.847 ms - 2536[0m
[0mGET /page/ [32m200 [0m1.194 ms - 2652[0m
[0mGET /page/ [36m304 [0m1.630 ms - -[0m
[0mGET /page/ [32m200 [0m1.268 ms - 2682[0m
[0mGET /page/ [32m200 [0m1.008 ms - 2734[0m
[0mGET /page/ [36m304 [0m1.969 ms - -[0m
[0mGET /page/ [32m200 [0m1.471 ms - 2757[0m
[0mGET /page/ [32m200 [0m1.641 ms - 2943[0m
[0mGET /page/ [36m304 [0m1.129 ms - -[0m
[0mGET /page/ [32m200 [0m1.956 ms - 2943[0m
[0mGET /page/ [32m200 [0m0.854 ms - 2948[0m
[0mGET /page/ [32m200 [0m0.924 ms - 2971[0m
[0mGET /page/ [32m200 [0m1.929 ms - 2972[0m
[0mGET /page/ [32m200 [0m0.681 ms - 3001[0m
[0mGET /page/ [32m200 [0m0.853 ms - 3158[0m
[0mGET /page/ [32m200 [0m0.804 ms - 3177[0m
[0mGET /page/ [32m200 [0m1.102 ms - 3196[0m
[0mGET /page/ [32m200 [0m0.833 ms - 3245[0m
[0mGET /page/ [32m200 [0m1.243 ms - 3245[0m
[0mGET /page/ [32m200 [0m1.299 ms - 3245[0m
[0mGET /page/ [32m200 [0m0.949 ms - 3245[0m
[0mGET /page/ [32m200 [0m0.818 ms - 3294[0m
[0mGET /page/ [36m304 [0m0.972 ms - -[0m
[0mGET /page/ [32m200 [0m0.664 ms - 3527[0m
[0mGET /page/ [32m200 [0m2.200 ms - 3528[0m
[0mGET /page/ [32m200 [0m1.038 ms - 3712[0m
[0mGET /page/ [36m304 [0m0.555 ms - -[0m
[0mGET /page/ [32m200 [0m1.049 ms - 3760[0m
[0mGET /page/ [36m304 [0m1.011 ms - -[0m
[0mGET /page/ [36m304 [0m0.844 ms - -[0m
[0mGET /page/ [36m304 [0m0.556 ms - -[0m
[0mGET /page/ [36m304 [0m0.547 ms - -[0m
[0mGET /page/ [36m304 [0m0.758 ms - -[0m
[0mGET /page/ [32m200 [0m0.977 ms - 3760[0m
[0mGET /page/ [32m200 [0m1.736 ms - 3760[0m
[0mGET /page/ [32m200 [0m0.951 ms - 3760[0m
[0mGET /page [36m301 [0m3.638 ms - 167[0m
[0mGET /page/ [36m304 [0m2.157 ms - -[0m
[0mGET /page/ [36m304 [0m0.767 ms - -[0m
[0mGET /page/ [36m304 [0m0.677 ms - -[0m
[0mGET /page/ [36m304 [0m1.152 ms - -[0m
[0mGET /page/ [32m200 [0m0.938 ms - 3868[0m
[0mGET /page/ [36m304 [0m0.597 ms - -[0m
[0mGET /page/ [32m200 [0m3.071 ms - 3888[0m
[0mGET /page/ [32m200 [0m4.034 ms - 3887[0m
[0mGET /page/ [32m200 [0m1.223 ms - 3938[0m
[0mGET /page/ [32m200 [0m0.818 ms - 3942[0m
[0mGET /page/ [36m304 [0m0.760 ms - -[0m
[0mGET /page/ [32m200 [0m5.202 ms - 4052[0m
[0mGET /page/ [32m200 [0m1.853 ms - 4034[0m
[0mGET /page/ [36m304 [0m0.720 ms - -[0m
[0mGET /page/ [36m304 [0m0.662 ms - -[0m
[0mGET /page/ [36m304 [0m0.556 ms - -[0m
[0mGET /page/ [32m200 [0m0.890 ms - 4034[0m
[0mGET /page/ [32m200 [0m2.471 ms - 4040[0m
[0mGET /page/ [36m304 [0m2.301 ms - -[0m
[0mGET /page/ [36m304 [0m0.593 ms - -[0m
[0mGET /page/ [36m304 [0m1.292 ms - -[0m
